This is pdfTeX, Version 3.14159265-2.6-1.40.16 (TeX Live 2015) (preloaded format=pdflatex 2015.5.24)  30 SEP 2017 14:40
entering extended mode
 restricted \write18 enabled.
 file:line:error style messages enabled.
 %&-line parsing enabled.
**LMEdraft.tex
(./LMEdraft.tex
LaTeX2e <2015/01/01>
Babel <3.9l> and hyphenation patterns for 79 languages loaded.
(/usr/local/texlive/2015/texmf-dist/tex/latex/base/article.cls
Document Class: article 2014/09/29 v1.4h Standard LaTeX document class
(/usr/local/texlive/2015/texmf-dist/tex/latex/base/size12.clo
File: size12.clo 2014/09/29 v1.4h Standard LaTeX file (size option)
)
\c@part=\count79
\c@section=\count80
\c@subsection=\count81
\c@subsubsection=\count82
\c@paragraph=\count83
\c@subparagraph=\count84
\c@figure=\count85
\c@table=\count86
\abovecaptionskip=\skip41
\belowcaptionskip=\skip42
\bibindent=\dimen102
)
(/usr/local/texlive/2015/texmf-dist/tex/latex/graphics/graphicx.sty
Package: graphicx 2014/10/28 v1.0g Enhanced LaTeX Graphics (DPC,SPQR)

(/usr/local/texlive/2015/texmf-dist/tex/latex/graphics/keyval.sty
Package: keyval 2014/10/28 v1.15 key=value parser (DPC)
\KV@toks@=\toks14
)
(/usr/local/texlive/2015/texmf-dist/tex/latex/graphics/graphics.sty
Package: graphics 2014/10/28 v1.0p Standard LaTeX Graphics (DPC,SPQR)

(/usr/local/texlive/2015/texmf-dist/tex/latex/graphics/trig.sty
Package: trig 1999/03/16 v1.09 sin cos tan (DPC)
)
(/usr/local/texlive/2015/texmf-dist/tex/latex/latexconfig/graphics.cfg
File: graphics.cfg 2010/04/23 v1.9 graphics configuration of TeX Live
)
Package graphics Info: Driver file: pdftex.def on input line 94.

(/usr/local/texlive/2015/texmf-dist/tex/latex/pdftex-def/pdftex.def
File: pdftex.def 2011/05/27 v0.06d Graphics/color for pdfTeX

(/usr/local/texlive/2015/texmf-dist/tex/generic/oberdiek/infwarerr.sty
Package: infwarerr 2010/04/08 v1.3 Providing info/warning/error messages (HO)
)
(/usr/local/texlive/2015/texmf-dist/tex/generic/oberdiek/ltxcmds.sty
Package: ltxcmds 2011/11/09 v1.22 LaTeX kernel commands for general use (HO)
)
\Gread@gobject=\count87
))
\Gin@req@height=\dimen103
\Gin@req@width=\dimen104
)
(/usr/local/texlive/2015/texmf-dist/tex/latex/tools/verbatim.sty
Package: verbatim 2014/10/28 v1.5q LaTeX2e package for verbatim enhancements
\every@verbatim=\toks15
\verbatim@line=\toks16
\verbatim@in@stream=\read1
)
(/usr/local/texlive/2015/texmf-dist/tex/latex/amsmath/amsmath.sty
Package: amsmath 2013/01/14 v2.14 AMS math features
\@mathmargin=\skip43

For additional information on amsmath, use the `?' option.
(/usr/local/texlive/2015/texmf-dist/tex/latex/amsmath/amstext.sty
Package: amstext 2000/06/29 v2.01

(/usr/local/texlive/2015/texmf-dist/tex/latex/amsmath/amsgen.sty
File: amsgen.sty 1999/11/30 v2.0
\@emptytoks=\toks17
\ex@=\dimen105
))
(/usr/local/texlive/2015/texmf-dist/tex/latex/amsmath/amsbsy.sty
Package: amsbsy 1999/11/29 v1.2d
\pmbraise@=\dimen106
)
(/usr/local/texlive/2015/texmf-dist/tex/latex/amsmath/amsopn.sty
Package: amsopn 1999/12/14 v2.01 operator names
)
\inf@bad=\count88
LaTeX Info: Redefining \frac on input line 210.
\uproot@=\count89
\leftroot@=\count90
LaTeX Info: Redefining \overline on input line 306.
\classnum@=\count91
\DOTSCASE@=\count92
LaTeX Info: Redefining \ldots on input line 378.
LaTeX Info: Redefining \dots on input line 381.
LaTeX Info: Redefining \cdots on input line 466.
\Mathstrutbox@=\box26
\strutbox@=\box27
\big@size=\dimen107
LaTeX Font Info:    Redeclaring font encoding OML on input line 566.
LaTeX Font Info:    Redeclaring font encoding OMS on input line 567.
\macc@depth=\count93
\c@MaxMatrixCols=\count94
\dotsspace@=\muskip10
\c@parentequation=\count95
\dspbrk@lvl=\count96
\tag@help=\toks18
\row@=\count97
\column@=\count98
\maxfields@=\count99
\andhelp@=\toks19
\eqnshift@=\dimen108
\alignsep@=\dimen109
\tagshift@=\dimen110
\tagwidth@=\dimen111
\totwidth@=\dimen112
\lineht@=\dimen113
\@envbody=\toks20
\multlinegap=\skip44
\multlinetaggap=\skip45
\mathdisplay@stack=\toks21
LaTeX Info: Redefining \[ on input line 2665.
LaTeX Info: Redefining \] on input line 2666.
)
(/usr/local/texlive/2015/texmf-dist/tex/latex/amscls/amsthm.sty
Package: amsthm 2015/03/04 v2.20.2
\thm@style=\toks22
\thm@bodyfont=\toks23
\thm@headfont=\toks24
\thm@notefont=\toks25
\thm@headpunct=\toks26
\thm@preskip=\skip46
\thm@postskip=\skip47
\thm@headsep=\skip48
\dth@everypar=\toks27
)
(/usr/local/texlive/2015/texmf-dist/tex/latex/amsfonts/amsfonts.sty
Package: amsfonts 2013/01/14 v3.01 Basic AMSFonts support
\symAMSa=\mathgroup4
\symAMSb=\mathgroup5
LaTeX Font Info:    Overwriting math alphabet `\mathfrak' in version `bold'
(Font)                  U/euf/m/n --> U/euf/b/n on input line 106.
)
(/usr/local/texlive/2015/texmf-dist/tex/latex/amsfonts/amssymb.sty
Package: amssymb 2013/01/14 v3.01 AMS font symbols
)
\c@theorem=\count100
\c@convention=\count101

(./LMEdraft.aux

LaTeX Warning: Label `fig:cone' multiply defined.


LaTeX Warning: Label `Fib' multiply defined.


LaTeX Warning: Label `Sregion' multiply defined.

)
\openout1 = `LMEdraft.aux'.

LaTeX Font Info:    Checking defaults for OML/cmm/m/it on input line 55.
LaTeX Font Info:    ... okay on input line 55.
LaTeX Font Info:    Checking defaults for T1/cmr/m/n on input line 55.
LaTeX Font Info:    ... okay on input line 55.
LaTeX Font Info:    Checking defaults for OT1/cmr/m/n on input line 55.
LaTeX Font Info:    ... okay on input line 55.
LaTeX Font Info:    Checking defaults for OMS/cmsy/m/n on input line 55.
LaTeX Font Info:    ... okay on input line 55.
LaTeX Font Info:    Checking defaults for OMX/cmex/m/n on input line 55.
LaTeX Font Info:    ... okay on input line 55.
LaTeX Font Info:    Checking defaults for U/cmr/m/n on input line 55.
LaTeX Font Info:    ... okay on input line 55.
 (/usr/local/texlive/2015/texmf-dist/tex/context/base/supp-pdf.mkii
[Loading MPS to PDF converter (version 2006.09.02).]
\scratchcounter=\count102
\scratchdimen=\dimen114
\scratchbox=\box28
\nofMPsegments=\count103
\nofMParguments=\count104
\everyMPshowfont=\toks28
\MPscratchCnt=\count105
\MPscratchDim=\dimen115
\MPnumerator=\count106
\makeMPintoPDFobject=\count107
\everyMPtoPDFconversion=\toks29
) (/usr/local/texlive/2015/texmf-dist/tex/generic/oberdiek/pdftexcmds.sty
Package: pdftexcmds 2011/11/29 v0.20 Utility functions of pdfTeX for LuaTeX (HO
)

(/usr/local/texlive/2015/texmf-dist/tex/generic/oberdiek/ifluatex.sty
Package: ifluatex 2010/03/01 v1.3 Provides the ifluatex switch (HO)
Package ifluatex Info: LuaTeX not detected.
)
(/usr/local/texlive/2015/texmf-dist/tex/generic/oberdiek/ifpdf.sty
Package: ifpdf 2011/01/30 v2.3 Provides the ifpdf switch (HO)
Package ifpdf Info: pdfTeX in PDF mode is detected.
)
Package pdftexcmds Info: LuaTeX not detected.
Package pdftexcmds Info: \pdf@primitive is available.
Package pdftexcmds Info: \pdf@ifprimitive is available.
Package pdftexcmds Info: \pdfdraftmode found.
)
(/usr/local/texlive/2015/texmf-dist/tex/latex/oberdiek/epstopdf-base.sty
Package: epstopdf-base 2010/02/09 v2.5 Base part for package epstopdf

(/usr/local/texlive/2015/texmf-dist/tex/latex/oberdiek/grfext.sty
Package: grfext 2010/08/19 v1.1 Manage graphics extensions (HO)

(/usr/local/texlive/2015/texmf-dist/tex/generic/oberdiek/kvdefinekeys.sty
Package: kvdefinekeys 2011/04/07 v1.3 Define keys (HO)
))
(/usr/local/texlive/2015/texmf-dist/tex/latex/oberdiek/kvoptions.sty
Package: kvoptions 2011/06/30 v3.11 Key value format for package options (HO)

(/usr/local/texlive/2015/texmf-dist/tex/generic/oberdiek/kvsetkeys.sty
Package: kvsetkeys 2012/04/25 v1.16 Key value parser (HO)

(/usr/local/texlive/2015/texmf-dist/tex/generic/oberdiek/etexcmds.sty
Package: etexcmds 2011/02/16 v1.5 Avoid name clashes with e-TeX commands (HO)
Package etexcmds Info: Could not find \expanded.
(etexcmds)             That can mean that you are not using pdfTeX 1.50 or
(etexcmds)             that some package has redefined \expanded.
(etexcmds)             In the latter case, load this package earlier.
)))
Package grfext Info: Graphics extension search list:
(grfext)             [.png,.pdf,.jpg,.mps,.jpeg,.jbig2,.jb2,.PNG,.PDF,.JPG,.JPE
G,.JBIG2,.JB2,.eps]
(grfext)             \AppendGraphicsExtensions on input line 452.

(/usr/local/texlive/2015/texmf-dist/tex/latex/latexconfig/epstopdf-sys.cfg
File: epstopdf-sys.cfg 2010/07/13 v1.3 Configuration of (r)epstopdf for TeX Liv
e
))
LaTeX Font Info:    Try loading font information for U+msa on input line 70.

(/usr/local/texlive/2015/texmf-dist/tex/latex/amsfonts/umsa.fd
File: umsa.fd 2013/01/14 v3.01 AMS symbols A
)
LaTeX Font Info:    Try loading font information for U+msb on input line 70.

(/usr/local/texlive/2015/texmf-dist/tex/latex/amsfonts/umsb.fd
File: umsb.fd 2013/01/14 v3.01 AMS symbols B
) [1

{/usr/local/texlive/2015/texmf-var/fonts/map/pdftex/updmap/pdftex.map}]

Package amsmath Warning: Foreign command \over;
(amsmath)                \frac or \genfrac should be used instead
(amsmath)                 on input line 122.

[1] [2]

LaTeX Warning: Citation `Kly02' on page 3 undefined on input line 187.


LaTeX Warning: Citation `Kly07' on page 3 undefined on input line 187.

LaTeX Font Info:    Try loading font information for OMS+cmr on input line 187.

(/usr/local/texlive/2015/texmf-dist/tex/latex/base/omscmr.fd
File: omscmr.fd 2014/09/29 v2.5h Standard LaTeX font definitions
)
LaTeX Font Info:    Font shape `OMS/cmr/m/n' in size <14.4> not available
(Font)              Font shape `OMS/cmsy/m/n' tried instead on input line 187.


LaTeX Warning: Citation `wallach' on page 3 undefined on input line 187.


LaTeX Warning: Citation `Walter' on page 3 undefined on input line 187.

[3] [4]
Package epstopdf Info: Source file: <cone.eps>
(epstopdf)                    date: 2017-09-30 14:39:07
(epstopdf)                    size: 40402 bytes
(epstopdf)             Output file: <cone-eps-converted-to.pdf>
(epstopdf)                    date: 2017-09-30 14:39:07
(epstopdf)                    size: 17973 bytes
(epstopdf)             Command: <repstopdf --outfile=cone-eps-converted-to.pdf 
cone.eps>
(epstopdf)             \includegraphics on input line 223.
Package epstopdf Info: Output file is already uptodate.
 <cone-eps-converted-to.pdf, id=33, 1084.05pt x 882.29625pt>
File: cone-eps-converted-to.pdf Graphic file (type pdf)

<use cone-eps-converted-to.pdf>
Package pdftex.def Info: cone-eps-converted-to.pdf used on input line 223.
(pdftex.def)             Requested size: 375.80542pt x 305.85997pt.


LaTeX Warning: Citation `mathpaper' on page 5 undefined on input line 246.


LaTeX Warning: Citation `mathpaper' on page 5 undefined on input line 246.

[5] [6 <./cone-eps-converted-to.pdf>]

LaTeX Warning: Citation `mathpaper' on page 7 undefined on input line 253.


LaTeX Warning: Citation `mathpaper' on page 7 undefined on input line 262.

[7]

LaTeX Warning: Citation `mathpaper' on page 8 undefined on input line 272.

[8]

LaTeX Warning: Reference `fig:23BC' on page 9 undefined on input line 333.

Package epstopdf Info: Source file: <23BC.eps>
(epstopdf)                    date: 2017-09-30 14:39:07
(epstopdf)                    size: 7537162 bytes
(epstopdf)             Output file: <23BC-eps-converted-to.pdf>
(epstopdf)                    date: 2017-09-30 14:39:07
(epstopdf)                    size: 217771 bytes
(epstopdf)             Command: <repstopdf --outfile=23BC-eps-converted-to.pdf 
23BC.eps>
(epstopdf)             \includegraphics on input line 337.
Package epstopdf Info: Output file is already uptodate.
<23BC-eps-converted-to.pdf, id=67, 1040.88875pt x 1306.8825pt>
File: 23BC-eps-converted-to.pdf Graphic file (type pdf)

<use 23BC-eps-converted-to.pdf>
Package pdftex.def Info: 23BC-eps-converted-to.pdf used on input line 337.
(pdftex.def)             Requested size: 328.82706pt x 412.84671pt.
 [9] [10 <./23BC-eps-converted-to.pdf>] [11]
[12]

LaTeX Warning: Citation `mathpaper' on page 13 undefined on input line 410.

[13]
Overfull \hbox (58.24104pt too wide) detected at line 422
\OMS/cmsy/m/n/14.4 j\OT1/cmr/m/n/14.4 	[]\OMS/cmsy/m/n/14.4 i \OT1/cmr/m/n/14.4
 = [] [] []  \OML/cmm/m/it/14.4 :
 []


Overfull \hbox (59.74883pt too wide) detected at line 434
\OT1/cmr/m/n/14.4 (\OMS/cmsy/m/n/14.4 H[] 
 H[] 
 H[]\OT1/cmr/m/n/14.4 ) \OMS/cmsy/m/n/14.4 
 \OT1/cmr/m/n/14.4 (\OMS/cmsy/m/n/14.4 H[] 
 H[]\OT1/cmr/m/n/14.4 ) = \OMS/cmsy/m/n/14.4 H[] 
 \OT1/cmr/m/n/14.4 (\OMS/cmsy/m/n/14.4 H[] 
 H[]\OT1/cmr/m/n/14.4 ) \OMS/cmsy/m/n/14.4 
 \OT1/cmr/m/n/14.4 (\OMS/cmsy/m/n/14.4 H[] 
 H[]\OT1/cmr/m/n/14.4 ) = \OMS/cmsy/m/n/14.4 H[] 
 H[] 
 H[]
 []

[14] [15] [16]
Overfull \hbox (69.93718pt too wide) detected at line 503
\OT1/cmr/m/n/14.4 1 = [] \OML/cmm/m/it/14.4 ; ^^Z \OT1/cmr/m/n/14.4 = [] \OML/c
mm/m/it/14.4 ; ^^[[] \OT1/cmr/m/n/14.4 = [] \OML/cmm/m/it/14.4 ; ^^[[] \OT1/cmr
/m/n/14.4 = [] \OML/cmm/m/it/14.4 ; ^^[[] \OT1/cmr/m/n/14.4 = []  \OML/cmm/m/it
/14.4 :
 []

[17] [18]

LaTeX Warning: Reference `fig:tensorBoth' on page 19 undefined on input line 54
4.

[19]

LaTeX Warning: Reference `fig:tensorBoth' on page 20 undefined on input line 54
6.

Package epstopdf Info: Source file: <tensorBoth.eps>
(epstopdf)                    date: 2017-09-30 14:39:07
(epstopdf)                    size: 11285 bytes
(epstopdf)             Output file: <tensorBoth-eps-converted-to.pdf>
(epstopdf)                    date: 2017-09-30 14:39:07
(epstopdf)                    size: 7169 bytes
(epstopdf)             Command: <repstopdf --outfile=tensorBoth-eps-converted-t
o.pdf tensorBoth.eps>
(epstopdf)             \includegraphics on input line 550.
Package epstopdf Info: Output file is already uptodate.
<tensorBoth-eps-converted-to.pdf, id=111, 1529.715pt x 429.605pt>
File: tensorBoth-eps-converted-to.pdf Graphic file (type pdf)

<use tensorBoth-eps-converted-to.pdf>
Package pdftex.def Info: tensorBoth-eps-converted-to.pdf used on input line 550
.
(pdftex.def)             Requested size: 422.77661pt x 118.72842pt.
 [20 <./tensorBoth-eps-converted-to.pdf>]
Package epstopdf Info: Source file: <qubit4simple.eps>
(epstopdf)                    date: 2017-09-30 14:39:07
(epstopdf)                    size: 4362 bytes
(epstopdf)             Output file: <qubit4simple-eps-converted-to.pdf>
(epstopdf)                    date: 2017-09-30 14:39:07
(epstopdf)                    size: 4578 bytes
(epstopdf)             Command: <repstopdf --outfile=qubit4simple-eps-converted
-to.pdf qubit4simple.eps>
(epstopdf)             \includegraphics on input line 568.
Package epstopdf Info: Output file is already uptodate.

<qubit4simple-eps-converted-to.pdf, id=120, 418.56375pt x 300.12125pt>
File: qubit4simple-eps-converted-to.pdf Graphic file (type pdf)

<use qubit4simple-eps-converted-to.pdf>
Package pdftex.def Info: qubit4simple-eps-converted-to.pdf used on input line 5
68.
(pdftex.def)             Requested size: 140.92792pt x 101.04613pt.
 [21 <./qubit4simple-eps-converted-to.pdf>]
Package epstopdf Info: Source file: <group1.eps>
(epstopdf)                    date: 2017-09-30 14:39:07
(epstopdf)                    size: 74692 bytes
(epstopdf)             Output file: <group1-eps-converted-to.pdf>
(epstopdf)                    date: 2017-09-30 14:39:07
(epstopdf)                    size: 38952 bytes
(epstopdf)             Command: <repstopdf --outfile=group1-eps-converted-to.pd
f group1.eps>
(epstopdf)             \includegraphics on input line 593.
Package epstopdf Info: Output file is already uptodate.
 <group1-eps-converted-to.pdf, id=129, 814.04124pt x 236.885pt>
File: group1-eps-converted-to.pdf Graphic file (type pdf)

<use group1-eps-converted-to.pdf>
Package pdftex.def Info: group1-eps-converted-to.pdf used on input line 593.
(pdftex.def)             Requested size: 375.80542pt x 109.35878pt.
Package epstopdf Info: Source file: <group2.eps>
(epstopdf)                    date: 2017-09-30 14:39:07
(epstopdf)                    size: 58257 bytes
(epstopdf)             Output file: <group2-eps-converted-to.pdf>
(epstopdf)                    date: 2017-09-30 14:39:07
(epstopdf)                    size: 30250 bytes
(epstopdf)             Command: <repstopdf --outfile=group2-eps-converted-to.pd
f group2.eps>
(epstopdf)             \includegraphics on input line 602.
Package epstopdf Info: Output file is already uptodate.

<group2-eps-converted-to.pdf, id=130, 480.79625pt x 307.1475pt>
File: group2-eps-converted-to.pdf Graphic file (type pdf)

<use group2-eps-converted-to.pdf>
Package pdftex.def Info: group2-eps-converted-to.pdf used on input line 602.
(pdftex.def)             Requested size: 234.87749pt x 150.04898pt.
 [22]
Overfull \hbox (17.5639pt too wide) in paragraph at lines 608--609
[]\OT1/cmr/m/n/14.4 More gen-er-ally, we can con-struct states of cyclic spin c
hains of size $2\OML/cmm/m/it/14.4 L; \OT1/cmr/m/n/14.4 4\OML/cmm/m/it/14.4 L; 
\OT1/cmr/m/n/14.4 6\OML/cmm/m/it/14.4 L; [] $
 []

[23 <./group1-eps-converted-to.pdf> <./group2-eps-converted-to.pdf>] [24]

LaTeX Warning: Citation `Kly02' on page 25 undefined on input line 629.


LaTeX Warning: Citation `Kly07' on page 25 undefined on input line 629.


LaTeX Warning: Citation `wallach' on page 25 undefined on input line 629.


LaTeX Warning: Citation `Walter' on page 25 undefined on input line 629.

[25]
Overfull \hbox (26.02742pt too wide) in paragraph at lines 633--634
\OT1/cmr/m/n/14.4 We be-gin with the full space of (un-nor-mal-ized) states. Fo
r di-men-sions $(\OML/cmm/m/it/14.4 d[]; [] ; d[]\OT1/cmr/m/n/14.4 )$,
 []

[26] [27] [28]

LaTeX Warning: Citation `mfk' on page 29 undefined on input line 691.


LaTeX Warning: Citation `Hoskins' on page 29 undefined on input line 691.

[29] [30] [31] [32]

LaTeX Warning: Citation `VDD' on page 33 undefined on input line 758.


Overfull \hbox (7.83812pt too wide) in paragraph at lines 762--763
\OT1/cmr/m/n/14.4 Let us now dis-cuss the al-ge-braic char-ac-ter-i-za-tion of 
the GIT quo-tient $\OML/cmm/m/it/14.4 P\OT1/cmr/m/n/14.4 (\OMS/cmsy/m/n/14.4 H\
OT1/cmr/m/n/14.4 )\OML/cmm/m/it/14.4 = =G$\OT1/cmr/m/n/14.4 .
 []

[33]

LaTeX Warning: Citation `mfk' on page 34 undefined on input line 782.


LaTeX Warning: Citation `dc' on page 34 undefined on input line 782.

[34]
Overfull \hbox (4.93495pt too wide) in paragraph at lines 811--812
[]\OT1/cmr/m/n/14.4 For di-men-sions $(\OML/cmm/m/it/14.4 d[]; [] ; d[]\OT1/cmr
/m/n/14.4 )$, there ex-ist lo-cally max-i-mally en-tan-gled states
 []

[35]

LaTeX Warning: Citation `mathpaper' on page 36 undefined on input line 840.

[36]
Overfull \hbox (66.09059pt too wide) detected at line 847
[]\OT1/cmr/m/n/14.4 (\OML/cmm/m/it/14.4 P\OT1/cmr/m/n/14.4 (\OMS/cmsy/m/n/14.4 
H\OT1/cmr/m/n/14.4 )\OML/cmm/m/it/14.4 = =G\OT1/cmr/m/n/14.4 )[] = [](\OML/cmm/
m/it/14.4 P\OT1/cmr/m/n/14.4 (\OMS/cmsy/m/n/14.4 H\OT1/cmr/m/n/14.4 )) \OMS/cms
y/m/n/14.4 ^^@ []\OT1/cmr/m/n/14.4 (\OML/cmm/m/it/14.4 G\OT1/cmr/m/n/14.4 ) = \
OML/cmm/m/it/14.4 d[] [] d[] \OMS/cmsy/m/n/14.4 ^^@ \OML/cmm/m/it/14.4 d[] \OMS
/cmsy/m/n/14.4 ^^@ [] \OML/cmm/m/it/14.4 d[] \OT1/cmr/m/n/14.4 + \OML/cmm/m/it/
14.4 n \OMS/cmsy/m/n/14.4 ^^@ \OT1/cmr/m/n/14.4 1 \OMS/cmsy/m/n/14.4 ^^Q \OT1/c
mr/m/n/14.4 ^^A(\OML/cmm/m/it/14.4 d[]; [] d[]\OT1/cmr/m/n/14.4 ) \OML/cmm/m/it
/14.4 :
 []


LaTeX Warning: Citation `mathpaper' on page 37 undefined on input line 850.

[37]

LaTeX Warning: Citation `mathpaper' on page 38 undefined on input line 859.

[38] [39]

LaTeX Warning: Citation `mathpaper' on page 40 undefined on input line 894.


LaTeX Warning: Citation `elashvili' on page 40 undefined on input line 894.


LaTeX Warning: Citation `popov' on page 40 undefined on input line 894.


Overfull \hbox (8.94676pt too wide) in paragraph at lines 894--895
[]\OT1/cmr/m/n/14.4 In this case, it is not hard to show that the naive di-men-
sion $^^A(\OML/cmm/m/it/14.4 d[]; d[]; [] d[]\OT1/cmr/m/n/14.4 )$
 []


LaTeX Warning: Citation `mathpaper' on page 40 undefined on input line 907.


LaTeX Warning: Reference `thm.R' on page 40 undefined on input line 911.


LaTeX Warning: Reference `thm.dims' on page 40 undefined on input line 911.

[40]

LaTeX Warning: Reference `prop:Rcases' on page 41 undefined on input line 918.


LaTeX Warning: Reference `thm.R' on page 41 undefined on input line 918.


LaTeX Warning: Reference `thm.dims' on page 41 undefined on input line 918.


LaTeX Warning: Reference `gmd' on page 41 undefined on input line 925.

[41]
Overfull \hbox (10.20544pt too wide) in paragraph at lines 945--947
\OT1/cmr/m/n/14.4 nonempty for $\OML/cmm/m/it/14.4 d[] \OT1/cmr/m/n/14.4 = \OML
/cmm/m/it/14.4 d[]$\OT1/cmr/m/n/14.4 ; in this case, the re-cur-sion ter-mi-nat
es at $(1\OML/cmm/m/it/14.4 ; [] ; \OT1/cmr/m/n/14.4 1\OML/cmm/m/it/14.4 ; \OT1
/cmr/m/n/14.4 2\OML/cmm/m/it/14.4 ; d[]; d[]\OT1/cmr/m/n/14.4 )$
 []


Overfull \hbox (6.1069pt too wide) in paragraph at lines 952--953
\OT1/cmr/m/n/14.4 (\OML/cmm/m/it/14.4 d[]; d[]; d[]\OT1/cmr/m/n/14.4 )$ \OT1/cm
r/m/it/14.4 with $\OT1/cmr/m/n/14.4 ^^A(\OML/cmm/m/it/14.4 d[]; d[]; d[]\OT1/cm
r/m/n/14.4 ) \OML/cmm/m/it/14.4 < \OT1/cmr/m/n/14.4 0$ \OT1/cmr/m/it/14.4 or $\
OML/cmm/m/it/14.4 d[] \OMS/cmsy/m/n/14.4 ^^U \OML/cmm/m/it/14.4 d[]\OT1/cmr/m/n
/14.4 (\OML/cmm/m/it/14.4 d[]; d[]\OT1/cmr/m/n/14.4 )$\OT1/cmr/m/it/14.4 . Then
 we have $\OT1/cmr/m/n/14.4 (\OML/cmm/m/it/14.4 d[]; d[]; d[]\OT1/cmr/m/n/14.4 
) =
 []

[42]
Overfull \hbox (90.39671pt too wide) in paragraph at lines 969--971
\OT1/cmr/m/n/14.4 repeatedly \OT1/cmr/m/it/14.4 with-out re-order-ing \OT1/cmr/
m/n/14.4 to de-fine a se-quence $((\OML/cmm/m/it/14.4 A; B[]; C[]\OT1/cmr/m/n/1
4.4 ) \OMS/cmsy/m/n/14.4 ^^Q \OT1/cmr/m/n/14.4 (\OML/cmm/m/it/14.4 A; d[]; d[]\
OT1/cmr/m/n/14.4 )\OML/cmm/m/it/14.4 ; \OT1/cmr/m/n/14.4 (\OML/cmm/m/it/14.4 A;
 B[]; C[]\OT1/cmr/m/n/14.4 )\OML/cmm/m/it/14.4 ; [] \OT1/cmr/m/n/14.4 )$.
 []

[43]

LaTeX Warning: Reference `thm.GIT' on page 44 undefined on input line 993.

[44]
Overfull \hbox (66.88924pt too wide) detected at line 1018
[]\OT1/cmr/m/n/14.4 (\OML/cmm/m/it/14.4 t[]; t[]; [] ; t[]\OT1/cmr/m/n/14.4 ) \
OMS/cmsy/m/n/14.4 
 []\OT1/cmr/m/n/14.4 (\OML/cmm/m/it/14.4 t[]; t[]; [] ; t[]\OT1/cmr/m/n/14.4 ) 
\OMS/cmsy/m/n/14.4 
 [] 
 []\OT1/cmr/m/n/14.4 (\OML/cmm/m/it/14.4 t[]; t[]; [] ; t[]\OT1/cmr/m/n/14.4 ) 
\OML/cmm/m/it/14.4 :
 []

[45] [46] [47] [48]
Overfull \hbox (10.5451pt too wide) in paragraph at lines 1087--1088
\OT1/cmr/m/n/14.4 In this case, any di-ag-o-nal one-parameter sub-group of $\OM
L/cmm/m/it/14.4 G \OT1/cmr/m/n/14.4 = \OML/cmm/m/it/14.4 SL\OT1/cmr/m/n/14.4 (2
\OML/cmm/m/it/14.4 ; \U/msb/m/n/14.4 C\OT1/cmr/m/n/14.4 ) \OMS/cmsy/m/n/14.4 ^^
B \OML/cmm/m/it/14.4 SL\OT1/cmr/m/n/14.4 (2\OML/cmm/m/it/14.4 ; \U/msb/m/n/14.4
 C\OT1/cmr/m/n/14.4 ) \OMS/cmsy/m/n/14.4 ^^B
 []


Overfull \hbox (63.3771pt too wide) detected at line 1096
[]
 []

[49] [50]
Overfull \hbox (7.37462pt too wide) in paragraph at lines 1128--1128
[]\OT1/cmr/bx/n/17.28 Explicit con-struc-tion of all LME states for $\OT1/cmr/m
/n/17.28 (\OML/cmm/m/it/17.28 d[]; d[]; d[]\OT1/cmr/m/n/17.28 ) =
 []

[51]

LaTeX Font Warning: Command \large invalid in math mode on input line 1143.

[52] [53] [54] [55]

LaTeX Font Warning: Command \large invalid in math mode on input line 1281.


Overfull \hbox (2.15424pt too wide) detected at line 1282
[] \OT1/cmr/m/n/14.4 = [] [] []
 []

[56]
Overfull \hbox (126.20868pt too wide) detected at line 1292
\OMS/cmsy/m/n/14.4 j\OT1/cmr/m/n/14.4 	[]\OMS/cmsy/m/n/14.4 i \OT1/cmr/m/n/14.4
 = [] [] [] []
 []

[57] [58] [59] [60] [61] [62] [63]
Overfull \hbox (12.02277pt too wide) in paragraph at lines 1549--1551
\OT1/cmr/m/n/14.4 ists a rep-re-sen-ta-tion the-ory con-struc-tion of LME state
s for the case $(\OML/cmm/m/it/14.4 d[]; d[]; d[]\OT1/cmr/m/n/14.4 ) =
 []


Underfull \hbox (badness 10000) in paragraph at lines 1573--1577
[]\OT1/cmr/m/n/14.4 V. Hoskins, Ge-o-met-ric In-vari-ant The-ory and Sym-plec-
 []


Underfull \hbox (badness 10000) in paragraph at lines 1573--1577
\OT1/cmr/m/n/14.4 tic Quo-tients, lec-ture notes, 2012, http://userpage.fu-
 []

[64]
Missing character: There is no ï in font cmr12!
Missing character: There is no ¿ in font cmr12!
Missing character: There is no ½ in font cmr12!
Missing character: There is no ï in font cmr12!
Missing character: There is no ¿ in font cmr12!
Missing character: There is no ½ in font cmr12!
 [65] (./LMEdraft.aux)

LaTeX Warning: There were undefined references.


LaTeX Warning: There were multiply-defined labels.

 ) 
Here is how much of TeX's memory you used:
 2667 strings out of 493089
 35482 string characters out of 6134842
 100966 words of memory out of 5000000
 6108 multiletter control sequences out of 15000+600000
 16507 words of font info for 64 fonts, out of 8000000 for 9000
 1141 hyphenation exceptions out of 8191
 38i,14n,24p,1562b,233s stack positions out of 5000i,500n,10000p,200000b,80000s
</usr/local/texlive/2015/texmf-dist/fonts/type1/public/amsfonts/cm/cmbx10.pfb
></usr/local/texlive/2015/texmf-dist/fonts/type1/public/amsfonts/cm/cmbx12.pfb>
</usr/local/texlive/2015/texmf-dist/fonts/type1/public/amsfonts/cm/cmex10.pfb><
/usr/local/texlive/2015/texmf-dist/fonts/type1/public/amsfonts/cm/cmmi10.pfb></
usr/local/texlive/2015/texmf-dist/fonts/type1/public/amsfonts/cm/cmmi12.pfb></u
sr/local/texlive/2015/texmf-dist/fonts/type1/public/amsfonts/cm/cmmi5.pfb></usr
/local/texlive/2015/texmf-dist/fonts/type1/public/amsfonts/cm/cmmi7.pfb></usr/l
ocal/texlive/2015/texmf-dist/fonts/type1/public/amsfonts/cm/cmmi8.pfb></usr/loc
al/texlive/2015/texmf-dist/fonts/type1/public/amsfonts/cm/cmr10.pfb></usr/local
/texlive/2015/texmf-dist/fonts/type1/public/amsfonts/cm/cmr12.pfb></usr/local/t
exlive/2015/texmf-dist/fonts/type1/public/amsfonts/cm/cmr17.pfb></usr/local/tex
live/2015/texmf-dist/fonts/type1/public/amsfonts/cm/cmr7.pfb></usr/local/texliv
e/2015/texmf-dist/fonts/type1/public/amsfonts/cm/cmr8.pfb></usr/local/texlive/2
015/texmf-dist/fonts/type1/public/amsfonts/cm/cmsy10.pfb></usr/local/texlive/20
15/texmf-dist/fonts/type1/public/amsfonts/cm/cmsy7.pfb></usr/local/texlive/2015
/texmf-dist/fonts/type1/public/amsfonts/cm/cmsy8.pfb></usr/local/texlive/2015/t
exmf-dist/fonts/type1/public/amsfonts/cm/cmti12.pfb></usr/local/texlive/2015/te
xmf-dist/fonts/type1/public/amsfonts/symbols/msam10.pfb></usr/local/texlive/201
5/texmf-dist/fonts/type1/public/amsfonts/symbols/msbm10.pfb>
Output written on LMEdraft.pdf (66 pages, 714290 bytes).
PDF statistics:
 342 PDF objects out of 1000 (max. 8388607)
 235 compressed objects within 3 object streams
 0 named destinations out of 1000 (max. 500000)
 31 words of extra memory for PDF output out of 10000 (max. 10000000)

